INFO 2024-11-23 13:29:34,359 courses New course created: IT Audit, instructor: teacher@example.com
INFO 2024-11-23 13:29:34,369 courses.views User 1 is attempting to delete course 1.
INFO 2024-11-23 13:29:34,373 courses Course deleted: IT Audit, instructor: teacher@example.com
INFO 2024-11-23 13:29:34,373 courses.views Course 1 successfully deleted by user 1.
INFO 2024-11-23 13:29:34,378 courses Course updated: Advanced Django, instructor: teacher@example.com
INFO 2024-11-23 13:31:43,386 courses New course created: IT Audit, instructor: teacher@example.com
INFO 2024-11-23 13:31:43,391 courses.views User 1 is attempting to delete course 1.
INFO 2024-11-23 13:31:43,394 courses Course deleted: IT Audit, instructor: teacher@example.com
INFO 2024-11-23 13:31:43,394 courses.views Course 1 successfully deleted by user 1.
INFO 2024-11-23 13:31:43,399 courses Course updated: Advanced Django, instructor: teacher@example.com
INFO 2024-11-23 14:36:40,320 courses New course created: IT Audit, instructor: teacher@example.com
INFO 2024-11-23 14:36:40,357 courses Course updated: Advanced Django, instructor: teacher@example.com
INFO 2024-11-23 14:41:49,563 courses New course created: IT Audit, instructor: teacher@example.com
INFO 2024-11-23 14:41:49,582 courses Course updated: Advanced Django, instructor: teacher@example.com
INFO 2024-11-24 00:48:40,904 courses New course created: IT Audit, instructor: teacher@example.com
INFO 2024-11-24 00:48:41,050 courses Course updated: Advanced Django, instructor: teacher@example.com
INFO 2024-11-24 01:36:27,695 courses New course created: IT Audit, instructor: teacher@example.com
INFO 2024-11-24 01:36:28,326 courses New course created: Django, instructor: teacher@example.com
INFO 2024-11-24 01:38:08,220 courses New course created: Django, instructor: teacher@example.com
INFO 2024-11-24 01:45:54,743 courses New course created: Django, instructor: teacher@example.com
INFO 2024-11-24 01:53:14,317 courses New course created: IT Audit, instructor: teacher@example.com
INFO 2024-11-24 01:53:15,069 courses New course created: Django, instructor: teacher@example.com
INFO 2024-11-24 01:54:37,039 courses New course created: IT Audit, instructor: teacher@example.com
INFO 2024-11-24 01:54:37,941 courses New course created: Django, instructor: teacher@example.com
INFO 2024-11-24 01:56:45,956 courses New course created: IT Audit, instructor: teacher@example.com
INFO 2024-11-24 01:56:46,688 courses New course created: Django, instructor: teacher@example.com
INFO 2024-11-24 01:58:03,072 courses New course created: Django, instructor: teacher@example.com
INFO 2024-11-24 02:00:40,695 courses New course created: Django, instructor: teacher@example.com
