INFO 2024-11-23 13:31:42,441 users New user registered: teacher@example.com
INFO 2024-11-23 13:31:42,808 users New user registered: student@example.com
INFO 2024-11-23 13:31:43,110 users New user registered: teacher@example.com
INFO 2024-11-23 13:31:43,385 users New user registered: student@example.com
INFO 2024-11-23 13:31:43,702 users New user registered: admin@example.com
INFO 2024-11-23 13:31:44,026 users New user registered: teacher@example.com
INFO 2024-11-23 13:31:44,304 users New user registered: student@example.com
INFO 2024-11-23 13:31:44,588 users New user registered: admin@example.com
INFO 2024-11-23 13:31:44,848 users New user registered: teacher@example.com
INFO 2024-11-23 13:31:45,105 users New user registered: student@example.com
INFO 2024-11-23 13:31:45,386 users New user registered: admin@example.com
INFO 2024-11-23 13:31:45,648 users New user registered: teacher@example.com
INFO 2024-11-23 13:31:45,919 users New user registered: student@example.com
INFO 2024-11-23 13:31:46,191 users New user registered: admin@example.com
INFO 2024-11-23 13:31:46,455 users New user registered: teacher@example.com
INFO 2024-11-23 13:31:46,707 users New user registered: student@example.com
INFO 2024-11-23 13:31:46,962 users New user registered: admin@example.com
INFO 2024-11-23 13:31:47,217 users New user registered: teacher@example.com
INFO 2024-11-23 13:31:47,483 users New user registered: student@example.com
INFO 2024-11-23 14:36:39,550 users New user registered: teacher@example.com
INFO 2024-11-23 14:36:39,806 users New user registered: student@example.com
INFO 2024-11-23 14:36:40,069 users New user registered: teacher@example.com
INFO 2024-11-23 14:36:40,319 users New user registered: student@example.com
INFO 2024-11-23 14:36:40,603 users New user registered: admin@example.com
INFO 2024-11-23 14:36:40,853 users New user registered: teacher@example.com
INFO 2024-11-23 14:36:41,097 users New user registered: student@example.com
INFO 2024-11-23 14:36:41,359 users New user registered: admin@example.com
INFO 2024-11-23 14:36:41,612 users New user registered: teacher@example.com
INFO 2024-11-23 14:36:41,864 users New user registered: student@example.com
INFO 2024-11-23 14:36:42,118 users New user registered: admin@example.com
INFO 2024-11-23 14:36:42,371 users New user registered: teacher@example.com
INFO 2024-11-23 14:36:42,623 users New user registered: student@example.com
INFO 2024-11-23 14:36:42,870 users New user registered: admin@example.com
INFO 2024-11-23 14:36:43,128 users New user registered: teacher@example.com
INFO 2024-11-23 14:36:43,373 users New user registered: student@example.com
INFO 2024-11-23 14:36:43,627 users New user registered: admin@example.com
INFO 2024-11-23 14:36:43,881 users New user registered: teacher@example.com
INFO 2024-11-23 14:36:44,131 users New user registered: student@example.com
INFO 2024-11-23 14:41:48,779 users New user registered: teacher@example.com
INFO 2024-11-23 14:41:49,031 users New user registered: student@example.com
INFO 2024-11-23 14:41:49,300 users New user registered: teacher@example.com
INFO 2024-11-23 14:41:49,562 users New user registered: student@example.com
INFO 2024-11-23 14:41:49,846 users New user registered: admin@example.com
INFO 2024-11-23 14:41:50,102 users New user registered: teacher@example.com
INFO 2024-11-23 14:41:50,388 users New user registered: student@example.com
INFO 2024-11-23 14:41:50,641 users New user registered: admin@example.com
INFO 2024-11-23 14:41:50,893 users New user registered: teacher@example.com
INFO 2024-11-23 14:41:51,152 users New user registered: student@example.com
INFO 2024-11-23 14:41:51,419 users New user registered: admin@example.com
INFO 2024-11-23 14:41:51,668 users New user registered: teacher@example.com
INFO 2024-11-23 14:41:51,917 users New user registered: student@example.com
INFO 2024-11-23 14:41:52,180 users New user registered: admin@example.com
INFO 2024-11-23 14:41:52,445 users New user registered: teacher@example.com
INFO 2024-11-23 14:41:52,692 users New user registered: student@example.com
INFO 2024-11-23 14:41:52,945 users New user registered: admin@example.com
INFO 2024-11-23 14:41:53,196 users New user registered: teacher@example.com
INFO 2024-11-23 14:41:53,456 users New user registered: student@example.com
INFO 2024-11-24 00:48:40,131 users New user registered: teacher@example.com
INFO 2024-11-24 00:48:40,386 users New user registered: student@example.com
INFO 2024-11-24 00:48:40,646 users New user registered: teacher@example.com
INFO 2024-11-24 00:48:40,903 users New user registered: student@example.com
INFO 2024-11-24 00:48:41,301 users New user registered: admin@example.com
INFO 2024-11-24 00:48:41,570 users New user registered: teacher@example.com
INFO 2024-11-24 00:48:41,832 users New user registered: student@example.com
INFO 2024-11-24 00:48:42,125 users New user registered: admin@example.com
INFO 2024-11-24 00:48:42,385 users New user registered: teacher@example.com
INFO 2024-11-24 00:48:42,639 users New user registered: student@example.com
INFO 2024-11-24 00:48:42,911 users New user registered: admin@example.com
INFO 2024-11-24 00:48:43,174 users New user registered: teacher@example.com
INFO 2024-11-24 00:48:43,428 users New user registered: student@example.com
INFO 2024-11-24 00:48:43,681 users New user registered: admin@example.com
INFO 2024-11-24 00:48:43,936 users New user registered: teacher@example.com
INFO 2024-11-24 00:48:44,187 users New user registered: student@example.com
INFO 2024-11-24 00:48:44,447 users New user registered: admin@example.com
INFO 2024-11-24 00:48:44,715 users New user registered: teacher@example.com
INFO 2024-11-24 00:48:44,963 users New user registered: student@example.com
INFO 2024-11-24 00:58:33,855 users New user registered: admin@example.com
INFO 2024-11-24 00:58:34,104 users New user registered: teacher@example.com
INFO 2024-11-24 00:58:34,363 users New user registered: student@example.com
INFO 2024-11-24 00:58:34,701 users New user registered: admin@example.com
INFO 2024-11-24 00:58:35,031 users New user registered: teacher@example.com
INFO 2024-11-24 00:58:35,283 users New user registered: student@example.com
INFO 2024-11-24 00:58:35,546 users New user registered: admin@example.com
INFO 2024-11-24 00:58:35,799 users New user registered: teacher@example.com
INFO 2024-11-24 00:58:36,056 users New user registered: student@example.com
INFO 2024-11-24 00:58:36,317 users New user registered: admin@example.com
INFO 2024-11-24 00:58:36,574 users New user registered: teacher@example.com
INFO 2024-11-24 00:58:36,830 users New user registered: student@example.com
INFO 2024-11-24 00:58:37,086 users New user registered: admin@example.com
INFO 2024-11-24 00:58:37,345 users New user registered: teacher@example.com
INFO 2024-11-24 00:58:37,600 users New user registered: student@example.com
INFO 2024-11-24 00:58:54,677 users New user registered: admin@example.com
INFO 2024-11-24 00:58:54,936 users New user registered: teacher@example.com
INFO 2024-11-24 00:58:55,191 users New user registered: student@example.com
INFO 2024-11-24 00:58:55,458 users New user registered: admin@example.com
INFO 2024-11-24 00:58:55,713 users New user registered: teacher@example.com
INFO 2024-11-24 00:58:55,971 users New user registered: student@example.com
INFO 2024-11-24 00:58:56,230 users New user registered: admin@example.com
INFO 2024-11-24 00:58:56,494 users New user registered: teacher@example.com
INFO 2024-11-24 00:58:56,787 users New user registered: student@example.com
INFO 2024-11-24 00:58:57,100 users New user registered: admin@example.com
INFO 2024-11-24 00:58:57,368 users New user registered: teacher@example.com
INFO 2024-11-24 00:58:57,659 users New user registered: student@example.com
INFO 2024-11-24 00:58:58,009 users New user registered: admin@example.com
INFO 2024-11-24 00:58:58,356 users New user registered: teacher@example.com
INFO 2024-11-24 00:58:58,697 users New user registered: student@example.com
INFO 2024-11-24 01:05:33,203 users New user registered: teacher@example.com
INFO 2024-11-24 01:05:33,469 users New user registered: admin@example.com
INFO 2024-11-24 01:05:33,743 users New user registered: student@example.com
INFO 2024-11-24 01:05:34,226 users New user registered: teacher@example.com
INFO 2024-11-24 01:05:34,698 users New user registered: teacher@example.com
INFO 2024-11-24 01:05:35,013 users New user registered: student@example.com
INFO 2024-11-24 01:05:35,280 users New user registered: student1@example.com
INFO 2024-11-24 01:05:35,542 users New user registered: student2@example.com
INFO 2024-11-24 01:05:35,798 users New user registered: teacher@example.com
INFO 2024-11-24 01:07:12,878 users New user registered: teacher@example.com
INFO 2024-11-24 01:07:13,168 users New user registered: admin@example.com
INFO 2024-11-24 01:07:13,552 users New user registered: student@example.com
INFO 2024-11-24 01:07:13,901 users New user registered: teacher@example.com
INFO 2024-11-24 01:07:14,185 users New user registered: teacher@example.com
INFO 2024-11-24 01:07:14,440 users New user registered: student@example.com
INFO 2024-11-24 01:07:14,734 users New user registered: student1@example.com
INFO 2024-11-24 01:07:14,988 users New user registered: student2@example.com
INFO 2024-11-24 01:07:15,248 users New user registered: teacher@example.com
INFO 2024-11-24 01:08:49,015 users New user registered: teacher@example.com
INFO 2024-11-24 01:08:49,272 users New user registered: admin@example.com
INFO 2024-11-24 01:08:49,525 users New user registered: student@example.com
INFO 2024-11-24 01:08:49,792 users New user registered: teacher@example.com
INFO 2024-11-24 01:08:50,069 users New user registered: teacher@example.com
INFO 2024-11-24 01:08:50,337 users New user registered: student@example.com
INFO 2024-11-24 01:08:50,617 users New user registered: student1@example.com
INFO 2024-11-24 01:08:50,927 users New user registered: student2@example.com
INFO 2024-11-24 01:08:51,179 users New user registered: teacher@example.com
INFO 2024-11-24 01:11:42,690 users New user registered: teacher@example.com
INFO 2024-11-24 01:11:42,946 users New user registered: admin@example.com
INFO 2024-11-24 01:11:43,208 users New user registered: student@example.com
INFO 2024-11-24 01:11:43,523 users New user registered: teacher@example.com
INFO 2024-11-24 01:11:43,787 users New user registered: teacher@example.com
INFO 2024-11-24 01:11:44,056 users New user registered: student@example.com
INFO 2024-11-24 01:11:44,359 users New user registered: student1@example.com
INFO 2024-11-24 01:11:44,627 users New user registered: student2@example.com
INFO 2024-11-24 01:11:44,886 users New user registered: teacher@example.com
INFO 2024-11-24 01:12:55,013 users New user registered: teacher@example.com
INFO 2024-11-24 01:12:55,302 users New user registered: admin@example.com
INFO 2024-11-24 01:12:55,569 users New user registered: student@example.com
INFO 2024-11-24 01:12:55,854 users New user registered: teacher@example.com
INFO 2024-11-24 01:12:56,203 users New user registered: teacher@example.com
INFO 2024-11-24 01:12:56,484 users New user registered: student@example.com
INFO 2024-11-24 01:12:56,751 users New user registered: student1@example.com
INFO 2024-11-24 01:12:57,024 users New user registered: student2@example.com
INFO 2024-11-24 01:12:57,281 users New user registered: teacher@example.com
INFO 2024-11-24 01:16:45,195 users New user registered: teacher@example.com
INFO 2024-11-24 01:16:45,714 users New user registered: admin@example.com
INFO 2024-11-24 01:16:46,304 users New user registered: student@example.com
INFO 2024-11-24 01:16:46,857 users New user registered: teacher@example.com
INFO 2024-11-24 01:16:47,390 users New user registered: teacher@example.com
INFO 2024-11-24 01:16:47,853 users New user registered: student@example.com
INFO 2024-11-24 01:16:48,331 users New user registered: student1@example.com
INFO 2024-11-24 01:16:48,793 users New user registered: student2@example.com
INFO 2024-11-24 01:16:49,284 users New user registered: teacher@example.com
INFO 2024-11-24 01:17:25,401 users New user registered: teacher@example.com
INFO 2024-11-24 01:17:25,726 users New user registered: admin@example.com
INFO 2024-11-24 01:17:25,990 users New user registered: student@example.com
INFO 2024-11-24 01:17:26,266 users New user registered: teacher@example.com
INFO 2024-11-24 01:17:26,541 users New user registered: teacher@example.com
INFO 2024-11-24 01:17:26,809 users New user registered: student@example.com
INFO 2024-11-24 01:17:27,085 users New user registered: student1@example.com
INFO 2024-11-24 01:17:27,359 users New user registered: student2@example.com
INFO 2024-11-24 01:17:27,633 users New user registered: teacher@example.com
INFO 2024-11-24 01:19:03,759 users New user registered: teacher@example.com
INFO 2024-11-24 01:19:04,133 users New user registered: admin@example.com
INFO 2024-11-24 01:19:04,450 users New user registered: student@example.com
INFO 2024-11-24 01:19:04,734 users New user registered: teacher@example.com
INFO 2024-11-24 01:19:05,019 users New user registered: teacher@example.com
INFO 2024-11-24 01:19:05,310 users New user registered: student@example.com
INFO 2024-11-24 01:19:05,585 users New user registered: student1@example.com
INFO 2024-11-24 01:19:05,888 users New user registered: student2@example.com
INFO 2024-11-24 01:19:06,165 users New user registered: teacher@example.com
INFO 2024-11-24 01:21:17,608 users New user registered: teacher@example.com
INFO 2024-11-24 01:21:17,946 users New user registered: student@example.com
INFO 2024-11-24 01:21:18,202 users New user registered: admin@example.com
INFO 2024-11-24 01:21:18,465 users New user registered: student1@example.com
INFO 2024-11-24 01:21:18,728 users New user registered: student2@example.com
INFO 2024-11-24 01:21:18,988 users New user registered: teacher@example.com
INFO 2024-11-24 01:23:22,208 users New user registered: teacher@example.com
INFO 2024-11-24 01:23:22,464 users New user registered: student@example.com
INFO 2024-11-24 01:23:22,762 users New user registered: student1@example.com
INFO 2024-11-24 01:23:23,018 users New user registered: student2@example.com
INFO 2024-11-24 01:23:23,273 users New user registered: teacher@example.com
INFO 2024-11-24 01:24:37,433 users New user registered: teacher@example.com
INFO 2024-11-24 01:24:37,690 users New user registered: student@example.com
INFO 2024-11-24 01:24:37,956 users New user registered: admin@example.com
INFO 2024-11-24 01:24:38,218 users New user registered: student1@example.com
INFO 2024-11-24 01:24:38,486 users New user registered: student2@example.com
INFO 2024-11-24 01:24:38,750 users New user registered: teacher@example.com
INFO 2024-11-24 01:29:09,352 users New user registered: teacher@example.com
INFO 2024-11-24 01:29:09,612 users New user registered: student@example.com
INFO 2024-11-24 01:29:09,883 users New user registered: admin@example.com
INFO 2024-11-24 01:29:10,146 users New user registered: student_bibo@example.com
INFO 2024-11-24 01:29:10,407 users New user registered: student_iliyas@example.com
INFO 2024-11-24 01:29:10,667 users New user registered: teacher@example.com
INFO 2024-11-24 01:36:26,859 users New user registered: teacher@example.com
INFO 2024-11-24 01:36:27,163 users New user registered: student@example.com
INFO 2024-11-24 01:36:27,427 users New user registered: teacher@example.com
INFO 2024-11-24 01:36:27,695 users New user registered: student@example.com
INFO 2024-11-24 01:36:28,068 users New user registered: teacher@example.com
INFO 2024-11-24 01:36:28,325 users New user registered: student@example.com
INFO 2024-11-24 01:36:28,581 users New user registered: admin@example.com
INFO 2024-11-24 01:36:28,854 users New user registered: student_bibo@example.com
INFO 2024-11-24 01:36:29,114 users New user registered: student_iliyas@example.com
INFO 2024-11-24 01:36:29,369 users New user registered: teacher@example.com
INFO 2024-11-24 01:38:07,931 users New user registered: teacher@example.com
INFO 2024-11-24 01:38:08,219 users New user registered: student@example.com
INFO 2024-11-24 01:38:08,478 users New user registered: admin@example.com
INFO 2024-11-24 01:38:08,752 users New user registered: student_bibo@example.com
INFO 2024-11-24 01:38:09,009 users New user registered: student_iliyas@example.com
INFO 2024-11-24 01:38:09,262 users New user registered: teacher@example.com
INFO 2024-11-24 01:44:10,242 users New user registered: teacher@test.com
INFO 2024-11-24 01:44:10,544 users New user registered: student@test.com
INFO 2024-11-24 01:44:10,832 users New user registered: teacher@test.com
INFO 2024-11-24 01:44:11,098 users New user registered: student@test.com
INFO 2024-11-24 01:44:11,372 users New user registered: teacher@test.com
INFO 2024-11-24 01:44:11,637 users New user registered: student@test.com
INFO 2024-11-24 01:44:11,911 users New user registered: teacher@test.com
INFO 2024-11-24 01:44:12,172 users New user registered: student@test.com
INFO 2024-11-24 01:44:12,438 users New user registered: teacher@test.com
INFO 2024-11-24 01:44:12,710 users New user registered: student@test.com
INFO 2024-11-24 01:44:12,980 users New user registered: teacher@test.com
INFO 2024-11-24 01:44:13,242 users New user registered: student@test.com
INFO 2024-11-24 01:44:13,509 users New user registered: teacher@example.com
INFO 2024-11-24 01:44:13,775 users New user registered: student@example.com
INFO 2024-11-24 01:44:14,041 users New user registered: admin@example.com
INFO 2024-11-24 01:44:14,325 users New user registered: student_bibo@example.com
INFO 2024-11-24 01:44:14,589 users New user registered: student_iliyas@example.com
INFO 2024-11-24 01:44:14,846 users New user registered: teacher@example.com
INFO 2024-11-24 01:45:54,482 users New user registered: teacher@example.com
INFO 2024-11-24 01:45:54,742 users New user registered: student@example.com
INFO 2024-11-24 01:45:55,007 users New user registered: admin@example.com
INFO 2024-11-24 01:45:55,391 users New user registered: student_bibo@example.com
INFO 2024-11-24 01:45:55,664 users New user registered: student_iliyas@example.com
INFO 2024-11-24 01:45:55,931 users New user registered: teacher@example.com
INFO 2024-11-24 01:53:14,316 users New user registered: teacher@example.com
INFO 2024-11-24 01:53:14,694 users New user registered: teacher@example.com
INFO 2024-11-24 01:53:15,068 users New user registered: student@example.com
INFO 2024-11-24 01:53:15,455 users New user registered: admin@example.com
INFO 2024-11-24 01:53:15,787 users New user registered: student_bibo@example.com
INFO 2024-11-24 01:53:16,134 users New user registered: student_iliyas@example.com
INFO 2024-11-24 01:53:16,569 users New user registered: teacher@example.com
INFO 2024-11-24 01:54:37,037 users New user registered: teacher@example.com
INFO 2024-11-24 01:54:37,496 users New user registered: teacher@example.com
INFO 2024-11-24 01:54:37,939 users New user registered: student@example.com
INFO 2024-11-24 01:54:38,305 users New user registered: admin@example.com
INFO 2024-11-24 01:54:38,731 users New user registered: student_bibo@example.com
INFO 2024-11-24 01:54:39,099 users New user registered: student_iliyas@example.com
INFO 2024-11-24 01:54:39,439 users New user registered: teacher@example.com
INFO 2024-11-24 01:56:45,955 users New user registered: teacher@example.com
INFO 2024-11-24 01:56:46,339 users New user registered: teacher@example.com
INFO 2024-11-24 01:56:46,687 users New user registered: student@example.com
INFO 2024-11-24 01:56:47,092 users New user registered: admin@example.com
INFO 2024-11-24 01:56:47,452 users New user registered: student_bibo@example.com
INFO 2024-11-24 01:56:47,825 users New user registered: student_iliyas@example.com
INFO 2024-11-24 01:56:48,299 users New user registered: teacher@example.com
INFO 2024-11-24 01:58:02,716 users New user registered: teacher@example.com
INFO 2024-11-24 01:58:03,070 users New user registered: student@example.com
INFO 2024-11-24 01:58:03,442 users New user registered: admin@example.com
INFO 2024-11-24 01:58:03,805 users New user registered: student_bibo@example.com
INFO 2024-11-24 01:58:04,161 users New user registered: student_iliyas@example.com
INFO 2024-11-24 01:58:04,508 users New user registered: teacher@example.com
INFO 2024-11-24 02:00:40,361 users New user registered: teacher@example.com
INFO 2024-11-24 02:00:40,693 users New user registered: student@example.com
INFO 2024-11-24 02:00:41,056 users New user registered: admin@example.com
INFO 2024-11-24 02:00:41,400 users New user registered: student_bibo@example.com
INFO 2024-11-24 02:00:41,782 users New user registered: student_iliyas@example.com
INFO 2024-11-24 02:00:42,133 users New user registered: teacher@example.com
INFO 2024-11-24 23:19:15,269 users New user registered: teacher@example.com
INFO 2024-11-24 23:19:15,722 users New user registered: student@example.com
INFO 2024-11-24 23:19:16,041 users New user registered: admin@example.com
INFO 2024-11-24 23:19:16,359 users New user registered: student_bibo@example.com
INFO 2024-11-24 23:19:16,649 users New user registered: student_iliyas@example.com
INFO 2024-11-24 23:19:16,921 users New user registered: teacher@example.com
INFO 2024-11-24 23:21:32,510 users New user registered: teacher@example.com
INFO 2024-11-24 23:21:32,790 users New user registered: student@example.com
INFO 2024-11-24 23:21:33,061 users New user registered: admin@example.com
INFO 2024-11-24 23:21:33,343 users New user registered: student_bibo@example.com
INFO 2024-11-24 23:21:33,609 users New user registered: student_iliyas@example.com
INFO 2024-11-24 23:21:33,882 users New user registered: teacher@example.com
INFO 2024-11-24 23:22:02,897 users New user registered: admin@example.com
INFO 2024-11-24 23:22:03,151 users New user registered: user@example.com
INFO 2024-11-24 23:22:03,643 users New user registered: teacher@example.com
INFO 2024-11-24 23:22:03,907 users New user registered: student@example.com
INFO 2024-11-24 23:22:04,172 users New user registered: admin@example.com
INFO 2024-11-24 23:22:04,448 users New user registered: student_bibo@example.com
INFO 2024-11-24 23:22:04,710 users New user registered: student_iliyas@example.com
INFO 2024-11-24 23:22:05,002 users New user registered: teacher@example.com
INFO 2024-11-24 23:22:43,026 users New user registered: admin@example.com
INFO 2024-11-24 23:22:43,290 users New user registered: user@example.com
INFO 2024-11-24 23:22:43,571 users New user registered: teacher@example.com
INFO 2024-11-24 23:22:43,827 users New user registered: student@example.com
INFO 2024-11-24 23:22:44,105 users New user registered: admin@example.com
INFO 2024-11-24 23:22:44,386 users New user registered: student_bibo@example.com
INFO 2024-11-24 23:22:44,661 users New user registered: student_iliyas@example.com
INFO 2024-11-24 23:22:44,931 users New user registered: teacher@example.com
INFO 2024-11-24 23:23:41,679 users New user registered: admin@example.com
INFO 2024-11-24 23:23:41,930 users New user registered: user@example.com
INFO 2024-11-24 23:23:42,309 users New user registered: teacher@example.com
INFO 2024-11-24 23:23:42,582 users New user registered: student@example.com
INFO 2024-11-24 23:23:42,844 users New user registered: admin@example.com
INFO 2024-11-24 23:23:43,112 users New user registered: student_bibo@example.com
INFO 2024-11-24 23:23:43,382 users New user registered: student_iliyas@example.com
INFO 2024-11-24 23:23:43,641 users New user registered: teacher@example.com
INFO 2024-11-24 23:24:18,660 users New user registered: admin@example.com
INFO 2024-11-24 23:24:18,922 users New user registered: user@example.com
INFO 2024-11-24 23:24:19,201 users New user registered: teacher@example.com
INFO 2024-11-24 23:24:19,474 users New user registered: student@example.com
INFO 2024-11-24 23:24:19,734 users New user registered: admin@example.com
INFO 2024-11-24 23:24:20,004 users New user registered: student_bibo@example.com
INFO 2024-11-24 23:24:20,285 users New user registered: student_iliyas@example.com
INFO 2024-11-24 23:24:20,563 users New user registered: teacher@example.com
INFO 2024-11-24 23:26:17,616 users New user registered: admin@example.com
INFO 2024-11-24 23:26:17,890 users New user registered: user@example.com
INFO 2024-11-24 23:26:18,162 users New user registered: teacher@example.com
INFO 2024-11-24 23:26:18,477 users New user registered: student@example.com
INFO 2024-11-24 23:26:18,763 users New user registered: admin@example.com
INFO 2024-11-24 23:26:19,046 users New user registered: student_bibo@example.com
INFO 2024-11-24 23:26:19,330 users New user registered: student_iliyas@example.com
INFO 2024-11-24 23:26:19,594 users New user registered: teacher@example.com
INFO 2024-11-24 23:26:41,754 users New user registered: admin@example.com
INFO 2024-11-24 23:26:42,013 users New user registered: user@example.com
INFO 2024-11-24 23:26:42,288 users New user registered: teacher@example.com
INFO 2024-11-24 23:26:42,559 users New user registered: student@example.com
INFO 2024-11-24 23:26:42,825 users New user registered: admin@example.com
INFO 2024-11-24 23:26:43,148 users New user registered: student_bibo@example.com
INFO 2024-11-24 23:26:43,463 users New user registered: student_iliyas@example.com
INFO 2024-11-24 23:26:43,721 users New user registered: teacher@example.com
INFO 2024-11-24 23:29:03,050 users New user registered: admin@example.com
INFO 2024-11-24 23:29:03,340 users New user registered: user@example.com
INFO 2024-11-24 23:29:03,614 users New user registered: teacher@example.com
INFO 2024-11-24 23:29:03,876 users New user registered: student@example.com
INFO 2024-11-24 23:29:04,132 users New user registered: admin@example.com
INFO 2024-11-24 23:29:04,395 users New user registered: student_bibo@example.com
INFO 2024-11-24 23:29:04,655 users New user registered: student_iliyas@example.com
INFO 2024-11-24 23:29:04,914 users New user registered: teacher@example.com
INFO 2024-11-24 23:30:50,241 users New user registered: admin@example.com
INFO 2024-11-24 23:30:50,509 users New user registered: user@example.com
INFO 2024-11-24 23:30:50,786 users New user registered: teacher@example.com
INFO 2024-11-24 23:30:51,159 users New user registered: student@example.com
INFO 2024-11-24 23:30:51,453 users New user registered: admin@example.com
INFO 2024-11-24 23:30:51,784 users New user registered: student_bibo@example.com
INFO 2024-11-24 23:30:52,161 users New user registered: student_iliyas@example.com
INFO 2024-11-24 23:30:52,491 users New user registered: teacher@example.com
INFO 2024-11-24 23:31:21,159 users New user registered: admin@example.com
INFO 2024-11-24 23:31:21,433 users New user registered: user@example.com
INFO 2024-11-24 23:31:21,713 users New user registered: teacher@example.com
INFO 2024-11-24 23:31:21,996 users New user registered: student@example.com
INFO 2024-11-24 23:31:22,263 users New user registered: admin@example.com
INFO 2024-11-24 23:31:22,549 users New user registered: student_bibo@example.com
INFO 2024-11-24 23:31:22,821 users New user registered: student_iliyas@example.com
INFO 2024-11-24 23:31:23,091 users New user registered: teacher@example.com
INFO 2024-11-24 23:33:23,485 users New user registered: teacher@example.com
INFO 2024-11-24 23:33:23,752 users New user registered: student@example.com
INFO 2024-11-24 23:33:24,022 users New user registered: admin@example.com
INFO 2024-11-24 23:33:24,288 users New user registered: student_bibo@example.com
INFO 2024-11-24 23:33:24,553 users New user registered: student_iliyas@example.com
INFO 2024-11-24 23:33:24,828 users New user registered: teacher@example.com
INFO 2024-11-24 23:34:20,827 users New user registered: teacher@example.com
INFO 2024-11-24 23:34:21,280 users New user registered: student@example.com
INFO 2024-11-24 23:34:21,676 users New user registered: admin@example.com
INFO 2024-11-24 23:34:22,036 users New user registered: student_bibo@example.com
INFO 2024-11-24 23:34:22,398 users New user registered: student_iliyas@example.com
INFO 2024-11-24 23:34:22,671 users New user registered: teacher@example.com
INFO 2024-11-24 23:35:29,060 users New user registered: 
INFO 2024-11-24 23:35:29,649 users New user registered: teacher@example.com
INFO 2024-11-24 23:35:29,925 users New user registered: student@example.com
INFO 2024-11-24 23:35:30,187 users New user registered: admin@example.com
INFO 2024-11-24 23:35:30,498 users New user registered: student_bibo@example.com
INFO 2024-11-24 23:35:30,929 users New user registered: student_iliyas@example.com
INFO 2024-11-24 23:35:31,219 users New user registered: teacher@example.com
INFO 2024-11-25 00:42:12,194 users New user registered: teacher@example.com
INFO 2024-11-25 00:42:12,498 users New user registered: student@example.com
INFO 2024-11-25 00:42:12,773 users New user registered: admin@example.com
INFO 2024-11-25 00:42:13,064 users New user registered: student_bibo@example.com
INFO 2024-11-25 00:42:13,324 users New user registered: student_iliyas@example.com
INFO 2024-11-25 00:42:13,586 users New user registered: teacher@example.com
INFO 2024-11-25 01:07:57,815 users New user registered: admin@example.com
INFO 2024-11-25 01:07:58,078 users New user registered: user@example.com
INFO 2024-11-25 01:07:58,560 users New user registered: teacher@example.com
INFO 2024-11-25 01:07:58,818 users New user registered: student@example.com
INFO 2024-11-25 01:07:59,080 users New user registered: admin@example.com
INFO 2024-11-25 01:07:59,356 users New user registered: student_bibo@example.com
INFO 2024-11-25 01:07:59,619 users New user registered: student_iliyas@example.com
INFO 2024-11-25 01:07:59,873 users New user registered: teacher@example.com
INFO 2024-11-25 01:08:25,622 users New user registered: admin@example.com
INFO 2024-11-25 01:08:25,874 users New user registered: user@example.com
INFO 2024-11-25 01:08:26,153 users New user registered: teacher@example.com
INFO 2024-11-25 01:08:26,408 users New user registered: student@example.com
INFO 2024-11-25 01:08:26,666 users New user registered: admin@example.com
INFO 2024-11-25 01:08:26,932 users New user registered: student_bibo@example.com
INFO 2024-11-25 01:08:27,195 users New user registered: student_iliyas@example.com
INFO 2024-11-25 01:08:27,455 users New user registered: teacher@example.com
INFO 2024-11-25 01:08:48,438 users New user registered: teacher@example.com
INFO 2024-11-25 01:08:48,777 users New user registered: student@example.com
INFO 2024-11-25 01:08:49,049 users New user registered: admin@example.com
INFO 2024-11-25 01:08:49,314 users New user registered: student_bibo@example.com
INFO 2024-11-25 01:08:49,577 users New user registered: student_iliyas@example.com
INFO 2024-11-25 01:08:49,839 users New user registered: teacher@example.com
